<?xml version="1.0" encoding="UTF-8"?>
<testng-results skipped="0" failed="0" total="2" passed="2">
  <reporter-output>
  </reporter-output>
  <suite name="Suite" duration-ms="5538" started-at="2020-03-20T07:37:06Z" finished-at="2020-03-20T07:37:12Z">
    <groups>
      <group name="cucumber">
        <method signature="AbstractTestNGCucumberTests.runScenario(io.cucumber.testng.PickleWrapper, io.cucumber.testng.FeatureWrapper)[pri:0, instance:runnerFile.APITestRunnerTestNG@28586]" name="runScenario" class="io.cucumber.testng.AbstractTestNGCucumberTests"/>
      </group> <!-- cucumber -->
    </groups>
    <test name="Test" duration-ms="5538" started-at="2020-03-20T07:37:06Z" finished-at="2020-03-20T07:37:12Z">
      <class name="runnerFile.APITestRunnerTestNG">
        <test-method status="PASS" signature="setUpClass()[pri:0, instance:runnerFile.APITestRunnerTestNG@28586]" name="setUpClass" is-config="true" duration-ms="231" started-at="2020-03-20T13:07:06Z" finished-at="2020-03-20T13:07:07Z">
          <reporter-output>
          </reporter-output>
        </test-method> <!-- setUpClass -->
        <test-method status="PASS" signature="runScenario(io.cucumber.testng.PickleWrapper, io.cucumber.testng.FeatureWrapper)[pri:0, instance:runnerFile.APITestRunnerTestNG@28586]" name="runScenario" duration-ms="3916" started-at="2020-03-20T13:07:07Z" description="Runs Cucumber Scenarios" data-provider="scenarios" finished-at="2020-03-20T13:07:11Z">
          <params>
            <param index="0">
              <value>
                <![CDATA["GET Operation to list the page resouces"]]>
              </value>
            </param>
            <param index="1">
              <value>
                <![CDATA["Sample rest API Reqres"]]>
              </value>
            </param>
          </params>
          <reporter-output>
          </reporter-output>
        </test-method> <!-- runScenario -->
        <test-method status="PASS" signature="runScenario(io.cucumber.testng.PickleWrapper, io.cucumber.testng.FeatureWrapper)[pri:0, instance:runnerFile.APITestRunnerTestNG@28586]" name="runScenario" duration-ms="742" started-at="2020-03-20T13:07:11Z" description="Runs Cucumber Scenarios" data-provider="scenarios" finished-at="2020-03-20T13:07:11Z">
          <params>
            <param index="0">
              <value>
                <![CDATA["POST Operation to create a new user"]]>
              </value>
            </param>
            <param index="1">
              <value>
                <![CDATA["Sample rest API Reqres"]]>
              </value>
            </param>
          </params>
          <reporter-output>
          </reporter-output>
        </test-method> <!-- runScenario -->
        <test-method status="PASS" signature="tearDownClass()[pri:0, instance:runnerFile.APITestRunnerTestNG@28586]" name="tearDownClass" is-config="true" duration-ms="436" started-at="2020-03-20T13:07:11Z" finished-at="2020-03-20T13:07:12Z">
          <reporter-output>
          </reporter-output>
        </test-method> <!-- tearDownClass -->
      </class> <!-- runnerFile.APITestRunnerTestNG -->
    </test> <!-- Test -->
  </suite> <!-- Suite -->
</testng-results>
